<?xml version="1.0" encoding="UTF-8"?>
<!-- Generated by org.testng.reporters.JUnitReportReporter -->
<testsuite hostname="LAPTOP-K0VK591V" failures="0" tests="2" name="qaclickacademy.SeleniumTest" time="0.015" errors="0" timestamp="2021-12-10T16:13:15 IST" skipped="0">
  <testcase classname="qaclickacademy.SeleniumTest" name="elementsUI" time="0.001"/>
  <system-out/>
  <testcase classname="qaclickacademy.SeleniumTest" name="BrowserAutomation" time="0.014"/>
  <system-out/>
</testsuite> <!-- qaclickacademy.SeleniumTest -->
